-------------------------------------------------------------------------------
Test set: pt.ulisboa.tecnico.socialsoftware.quizzes.sagas.coordination.AddParticipantAndUpdateTournamentTest
-------------------------------------------------------------------------------
Tests run: 3, Failures: 0, Errors: 3, Skipped: 0, Time elapsed: 1.041 s <<< FAILURE! -- in pt.ulisboa.tecnico.socialsoftware.quizzes.sagas.coordination.AddParticipantAndUpdateTournamentTest
pt.ulisboa.tecnico.socialsoftware.quizzes.sagas.coordination.AddParticipantAndUpdateTournamentTest.add participant find the tournament in update and aborts -- Time elapsed: 1.029 s <<< ERROR!
java.lang.IllegalStateException: Failed to load ApplicationContext for [MergedContextConfiguration@155e882c testClass = pt.ulisboa.tecnico.socialsoftware.quizzes.sagas.coordination.AddParticipantAndUpdateTournamentTest, locations = [], classes = [pt.ulisboa.tecnico.socialsoftware.quizzes.QuizzesSimulator, pt.ulisboa.tecnico.socialsoftware.quizzes.sagas.coordination.AddParticipantAndUpdateTournamentTest.LocalBeanConfiguration], contextInitializerClasses = [], activeProfiles = [], propertySourceDescriptors = [], propertySourceProperties = ["org.springframework.boot.test.autoconfigure.orm.jpa.DataJpaTestContextBootstrapper=true"], contextCustomizers = [[ImportsContextCustomizer@6c54fdda key = [org.springframework.boot.autoconfigure.transaction.TransactionAutoConfiguration, org.springframework.boot.autoconfigure.data.jpa.JpaRepositoriesAutoConfiguration, org.springframework.boot.test.autoconfigure.orm.jpa.TestEntityManagerAutoConfiguration, org.springframework.boot.autoconfigure.cache.CacheAutoConfiguration, org.springframework.boot.autoconfigure.orm.jpa.HibernateJpaAutoConfiguration, org.springframework.boot.autoconfigure.sql.init.SqlInitializationAutoConfiguration, org.springframework.boot.test.autoconfigure.jdbc.TestDatabaseAutoConfiguration, org.springframework.boot.autoconfigure.flyway.FlywayAutoConfiguration, org.springframework.boot.autoconfigure.jdbc.DataSourceTransactionManagerAutoConfiguration, org.springframework.boot.autoconfigure.liquibase.LiquibaseAutoConfiguration, org.springframework.boot.autoconfigure.jdbc.JdbcClientAutoConfiguration, org.springframework.boot.autoconfigure.jdbc.DataSourceAutoConfiguration, org.springframework.boot.autoconfigure.jdbc.JdbcTemplateAutoConfiguration]], org.springframework.boot.test.context.filter.ExcludeFilterContextCustomizer@75c56eb9, org.springframework.boot.test.json.DuplicateJsonObjectContextCustomizerFactory$DuplicateJsonObjectContextCustomizer@6531a794, org.springframework.boot.test.mock.mockito.MockitoContextCustomizer@0, org.springframework.boot.test.web.reactor.netty.DisableReactorResourceFactoryGlobalResourcesContextCustomizerFactory$DisableReactorResourceFactoryGlobalResourcesContextCustomizerCustomizer@72ade7e3, org.springframework.boot.test.autoconfigure.OverrideAutoConfigurationContextCustomizerFactory$DisableAutoConfigurationContextCustomizer@609bcfb6, org.springframework.boot.test.autoconfigure.actuate.observability.ObservabilityContextCustomizerFactory$DisableObservabilityContextCustomizer@1f, org.springframework.boot.test.autoconfigure.filter.TypeExcludeFiltersContextCustomizer@34be3d80, org.springframework.boot.test.autoconfigure.properties.PropertyMappingContextCustomizer@c46188de, org.springframework.boot.test.autoconfigure.web.servlet.WebDriverContextCustomizer@24c4ddae, org.spockframework.spring.mock.SpockContextCustomizer@0, org.springframework.boot.test.context.SpringBootTestAnnotation@b0082348], contextLoader = org.springframework.boot.test.context.SpringBootContextLoader, parent = null]
	at org.springframework.test.context.cache.DefaultCacheAwareContextLoaderDelegate.loadContext(DefaultCacheAwareContextLoaderDelegate.java:180)
	at org.springframework.test.context.support.DefaultTestContext.getApplicationContext(DefaultTestContext.java:130)
	at org.spockframework.util.ReflectionUtil.invokeMethod(ReflectionUtil.java:204)
	at org.spockframework.spring.SpringTestContext.getApplicationContext(SpringTestContext.java:49)
	at org.spockframework.spring.SpringMockTestExecutionListener.injectSpies(SpringMockTestExecutionListener.java:66)
	at org.spockframework.spring.SpringMockTestExecutionListener.prepareTestInstance(SpringMockTestExecutionListener.java:62)
	at org.spockframework.spring.AbstractSpringTestExecutionListener.prepareTestInstance(AbstractSpringTestExecutionListener.java:32)
	at org.springframework.test.context.TestContextManager.prepareTestInstance(TestContextManager.java:260)
	at org.spockframework.spring.SpringTestContextManager.prepareTestInstance(SpringTestContextManager.java:56)
	at org.spockframework.spring.SpringInterceptor.interceptInitializerMethod(SpringInterceptor.java:46)
	at org.spockframework.runtime.extension.AbstractMethodInterceptor.intercept(AbstractMethodInterceptor.java:24)
	at org.spockframework.runtime.extension.MethodInvocation.proceed(MethodInvocation.java:122)
	at org.spockframework.runtime.model.MethodInfo.invoke(MethodInfo.java:157)
	at java.base/java.util.ArrayList.forEach(ArrayList.java:1597)
	at org.spockframework.runtime.model.MethodInfo.invoke(MethodInfo.java:157)
	at java.base/java.util.ArrayList.forEach(ArrayList.java:1597)
Caused by: org.springframework.beans.factory.UnsatisfiedDependencyException: Error creating bean with name 'quizzesSimulator': Unsatisfied dependency expressed through field 'eventService': Error creating bean with name 'eventService': Unsatisfied dependency expressed through field 'aggregateRepository': No qualifying bean of type 'pt.ulisboa.tecnico.socialsoftware.ms.domain.aggregate.AggregateRepository' available: expected at least 1 bean which qualifies as autowire candidate. Dependency annotations: {@org.springframework.beans.factory.annotation.Autowired(required=true)}
	at org.springframework.beans.factory.annotation.AutowiredAnnotationBeanPostProcessor$AutowiredFieldElement.resolveFieldValue(AutowiredAnnotationBeanPostProcessor.java:788)
	at org.springframework.beans.factory.annotation.AutowiredAnnotationBeanPostProcessor$AutowiredFieldElement.inject(AutowiredAnnotationBeanPostProcessor.java:768)
	at org.springframework.beans.factory.annotation.InjectionMetadata.inject(InjectionMetadata.java:145)
	at org.springframework.beans.factory.annotation.AutowiredAnnotationBeanPostProcessor.postProcessProperties(AutowiredAnnotationBeanPostProcessor.java:509)
	at org.springframework.beans.factory.support.AbstractAutowireCapableBeanFactory.populateBean(AbstractAutowireCapableBeanFactory.java:1439)
	at org.springframework.beans.factory.support.AbstractAutowireCapableBeanFactory.doCreateBean(AbstractAutowireCapableBeanFactory.java:599)
	at org.springframework.beans.factory.support.AbstractAutowireCapableBeanFactory.createBean(AbstractAutowireCapableBeanFactory.java:522)
	at org.springframework.beans.factory.support.AbstractBeanFactory.lambda$doGetBean$0(AbstractBeanFactory.java:337)
	at org.springframework.beans.factory.support.DefaultSingletonBeanRegistry.getSingleton(DefaultSingletonBeanRegistry.java:234)
	at org.springframework.beans.factory.support.AbstractBeanFactory.doGetBean(AbstractBeanFactory.java:335)
	at org.springframework.beans.factory.support.AbstractBeanFactory.getBean(AbstractBeanFactory.java:200)
	at org.springframework.beans.factory.support.DefaultListableBeanFactory.preInstantiateSingletons(DefaultListableBeanFactory.java:975)
	at org.springframework.context.support.AbstractApplicationContext.finishBeanFactoryInitialization(AbstractApplicationContext.java:971)
	at org.springframework.context.support.AbstractApplicationContext.refresh(AbstractApplicationContext.java:625)
	at org.springframework.boot.SpringApplication.refresh(SpringApplication.java:754)
	at org.springframework.boot.SpringApplication.refreshContext(SpringApplication.java:456)
	at org.springframework.boot.SpringApplication.run(SpringApplication.java:335)
	at org.springframework.boot.test.context.SpringBootContextLoader.lambda$loadContext$3(SpringBootContextLoader.java:137)
	at org.springframework.util.function.ThrowingSupplier.get(ThrowingSupplier.java:58)
	at org.springframework.util.function.ThrowingSupplier.get(ThrowingSupplier.java:46)
	at org.springframework.boot.SpringApplication.withHook(SpringApplication.java:1463)
	at org.springframework.boot.test.context.SpringBootContextLoader$ContextLoaderHook.run(SpringBootContextLoader.java:553)
	at org.springframework.boot.test.context.SpringBootContextLoader.loadContext(SpringBootContextLoader.java:137)
	at org.springframework.boot.test.context.SpringBootContextLoader.loadContext(SpringBootContextLoader.java:108)
	at org.springframework.test.context.cache.DefaultCacheAwareContextLoaderDelegate.loadContextInternal(DefaultCacheAwareContextLoaderDelegate.java:225)
	at org.springframework.test.context.cache.DefaultCacheAwareContextLoaderDelegate.loadContext(DefaultCacheAwareContextLoaderDelegate.java:152)
	... 15 more
Caused by: org.springframework.beans.factory.UnsatisfiedDependencyException: Error creating bean with name 'eventService': Unsatisfied dependency expressed through field 'aggregateRepository': No qualifying bean of type 'pt.ulisboa.tecnico.socialsoftware.ms.domain.aggregate.AggregateRepository' available: expected at least 1 bean which qualifies as autowire candidate. Dependency annotations: {@org.springframework.beans.factory.annotation.Autowired(required=true)}
	at org.springframework.beans.factory.annotation.AutowiredAnnotationBeanPostProcessor$AutowiredFieldElement.resolveFieldValue(AutowiredAnnotationBeanPostProcessor.java:788)
	at org.springframework.beans.factory.annotation.AutowiredAnnotationBeanPostProcessor$AutowiredFieldElement.inject(AutowiredAnnotationBeanPostProcessor.java:768)
	at org.springframework.beans.factory.annotation.InjectionMetadata.inject(InjectionMetadata.java:145)
	at org.springframework.beans.factory.annotation.AutowiredAnnotationBeanPostProcessor.postProcessProperties(AutowiredAnnotationBeanPostProcessor.java:509)
	at org.springframework.beans.factory.support.AbstractAutowireCapableBeanFactory.populateBean(AbstractAutowireCapableBeanFactory.java:1439)
	at org.springframework.beans.factory.support.AbstractAutowireCapableBeanFactory.doCreateBean(AbstractAutowireCapableBeanFactory.java:599)
	at org.springframework.beans.factory.support.AbstractAutowireCapableBeanFactory.createBean(AbstractAutowireCapableBeanFactory.java:522)
	at org.springframework.beans.factory.support.AbstractBeanFactory.lambda$doGetBean$0(AbstractBeanFactory.java:337)
	at org.springframework.beans.factory.support.DefaultSingletonBeanRegistry.getSingleton(DefaultSingletonBeanRegistry.java:234)
	at org.springframework.beans.factory.support.AbstractBeanFactory.doGetBean(AbstractBeanFactory.java:335)
	at org.springframework.beans.factory.support.AbstractBeanFactory.getBean(AbstractBeanFactory.java:200)
	at org.springframework.beans.factory.config.DependencyDescriptor.resolveCandidate(DependencyDescriptor.java:254)
	at org.springframework.beans.factory.support.DefaultListableBeanFactory.doResolveDependency(DefaultListableBeanFactory.java:1443)
	at org.springframework.beans.factory.support.DefaultListableBeanFactory.resolveDependency(DefaultListableBeanFactory.java:1353)
	at org.springframework.beans.factory.annotation.AutowiredAnnotationBeanPostProcessor$AutowiredFieldElement.resolveFieldValue(AutowiredAnnotationBeanPostProcessor.java:785)
	... 40 more
Caused by: org.springframework.beans.factory.NoSuchBeanDefinitionException: No qualifying bean of type 'pt.ulisboa.tecnico.socialsoftware.ms.domain.aggregate.AggregateRepository' available: expected at least 1 bean which qualifies as autowire candidate. Dependency annotations: {@org.springframework.beans.factory.annotation.Autowired(required=true)}
	at org.springframework.beans.factory.support.DefaultListableBeanFactory.raiseNoMatchingBeanFound(DefaultListableBeanFactory.java:1880)
	at org.springframework.beans.factory.support.DefaultListableBeanFactory.doResolveDependency(DefaultListableBeanFactory.java:1406)
	at org.springframework.beans.factory.support.DefaultListableBeanFactory.resolveDependency(DefaultListableBeanFactory.java:1353)
	at org.springframework.beans.factory.annotation.AutowiredAnnotationBeanPostProcessor$AutowiredFieldElement.resolveFieldValue(AutowiredAnnotationBeanPostProcessor.java:785)
	... 54 more

pt.ulisboa.tecnico.socialsoftware.quizzes.sagas.coordination.AddParticipantAndUpdateTournamentTest.add participant then update tournament -- Time elapsed: 0.005 s <<< ERROR!
java.lang.IllegalStateException: ApplicationContext failure threshold (1) exceeded: skipping repeated attempt to load context for [MergedContextConfiguration@155e882c testClass = pt.ulisboa.tecnico.socialsoftware.quizzes.sagas.coordination.AddParticipantAndUpdateTournamentTest, locations = [], classes = [pt.ulisboa.tecnico.socialsoftware.quizzes.QuizzesSimulator, pt.ulisboa.tecnico.socialsoftware.quizzes.sagas.coordination.AddParticipantAndUpdateTournamentTest.LocalBeanConfiguration], contextInitializerClasses = [], activeProfiles = [], propertySourceDescriptors = [], propertySourceProperties = ["org.springframework.boot.test.autoconfigure.orm.jpa.DataJpaTestContextBootstrapper=true"], contextCustomizers = [[ImportsContextCustomizer@6c54fdda key = [org.springframework.boot.autoconfigure.transaction.TransactionAutoConfiguration, org.springframework.boot.autoconfigure.data.jpa.JpaRepositoriesAutoConfiguration, org.springframework.boot.test.autoconfigure.orm.jpa.TestEntityManagerAutoConfiguration, org.springframework.boot.autoconfigure.cache.CacheAutoConfiguration, org.springframework.boot.autoconfigure.orm.jpa.HibernateJpaAutoConfiguration, org.springframework.boot.autoconfigure.sql.init.SqlInitializationAutoConfiguration, org.springframework.boot.test.autoconfigure.jdbc.TestDatabaseAutoConfiguration, org.springframework.boot.autoconfigure.flyway.FlywayAutoConfiguration, org.springframework.boot.autoconfigure.jdbc.DataSourceTransactionManagerAutoConfiguration, org.springframework.boot.autoconfigure.liquibase.LiquibaseAutoConfiguration, org.springframework.boot.autoconfigure.jdbc.JdbcClientAutoConfiguration, org.springframework.boot.autoconfigure.jdbc.DataSourceAutoConfiguration, org.springframework.boot.autoconfigure.jdbc.JdbcTemplateAutoConfiguration]], org.springframework.boot.test.context.filter.ExcludeFilterContextCustomizer@75c56eb9, org.springframework.boot.test.json.DuplicateJsonObjectContextCustomizerFactory$DuplicateJsonObjectContextCustomizer@6531a794, org.springframework.boot.test.mock.mockito.MockitoContextCustomizer@0, org.springframework.boot.test.web.reactor.netty.DisableReactorResourceFactoryGlobalResourcesContextCustomizerFactory$DisableReactorResourceFactoryGlobalResourcesContextCustomizerCustomizer@72ade7e3, org.springframework.boot.test.autoconfigure.OverrideAutoConfigurationContextCustomizerFactory$DisableAutoConfigurationContextCustomizer@609bcfb6, org.springframework.boot.test.autoconfigure.actuate.observability.ObservabilityContextCustomizerFactory$DisableObservabilityContextCustomizer@1f, org.springframework.boot.test.autoconfigure.filter.TypeExcludeFiltersContextCustomizer@34be3d80, org.springframework.boot.test.autoconfigure.properties.PropertyMappingContextCustomizer@c46188de, org.springframework.boot.test.autoconfigure.web.servlet.WebDriverContextCustomizer@24c4ddae, org.spockframework.spring.mock.SpockContextCustomizer@0, org.springframework.boot.test.context.SpringBootTestAnnotation@b0082348], contextLoader = org.springframework.boot.test.context.SpringBootContextLoader, parent = null]
	at org.springframework.test.context.cache.DefaultCacheAwareContextLoaderDelegate.loadContext(DefaultCacheAwareContextLoaderDelegate.java:145)
	at org.springframework.test.context.support.DefaultTestContext.getApplicationContext(DefaultTestContext.java:130)
	at org.spockframework.util.ReflectionUtil.invokeMethod(ReflectionUtil.java:204)
	at org.spockframework.spring.SpringTestContext.getApplicationContext(SpringTestContext.java:49)
	at org.spockframework.spring.SpringMockTestExecutionListener.injectSpies(SpringMockTestExecutionListener.java:66)
	at org.spockframework.spring.SpringMockTestExecutionListener.prepareTestInstance(SpringMockTestExecutionListener.java:62)
	at org.spockframework.spring.AbstractSpringTestExecutionListener.prepareTestInstance(AbstractSpringTestExecutionListener.java:32)
	at org.springframework.test.context.TestContextManager.prepareTestInstance(TestContextManager.java:260)
	at org.spockframework.spring.SpringTestContextManager.prepareTestInstance(SpringTestContextManager.java:56)
	at org.spockframework.spring.SpringInterceptor.interceptInitializerMethod(SpringInterceptor.java:46)
	at org.spockframework.runtime.extension.AbstractMethodInterceptor.intercept(AbstractMethodInterceptor.java:24)
	at org.spockframework.runtime.extension.MethodInvocation.proceed(MethodInvocation.java:122)
	at org.spockframework.runtime.model.MethodInfo.invoke(MethodInfo.java:157)
	at java.base/java.util.ArrayList.forEach(ArrayList.java:1597)
	at org.spockframework.runtime.model.MethodInfo.invoke(MethodInfo.java:157)
	at java.base/java.util.ArrayList.forEach(ArrayList.java:1597)

pt.ulisboa.tecnico.socialsoftware.quizzes.sagas.coordination.AddParticipantAndUpdateTournamentTest.update tournament then add participant -- Time elapsed: 0.004 s <<< ERROR!
java.lang.IllegalStateException: ApplicationContext failure threshold (1) exceeded: skipping repeated attempt to load context for [MergedContextConfiguration@155e882c testClass = pt.ulisboa.tecnico.socialsoftware.quizzes.sagas.coordination.AddParticipantAndUpdateTournamentTest, locations = [], classes = [pt.ulisboa.tecnico.socialsoftware.quizzes.QuizzesSimulator, pt.ulisboa.tecnico.socialsoftware.quizzes.sagas.coordination.AddParticipantAndUpdateTournamentTest.LocalBeanConfiguration], contextInitializerClasses = [], activeProfiles = [], propertySourceDescriptors = [], propertySourceProperties = ["org.springframework.boot.test.autoconfigure.orm.jpa.DataJpaTestContextBootstrapper=true"], contextCustomizers = [[ImportsContextCustomizer@6c54fdda key = [org.springframework.boot.autoconfigure.transaction.TransactionAutoConfiguration, org.springframework.boot.autoconfigure.data.jpa.JpaRepositoriesAutoConfiguration, org.springframework.boot.test.autoconfigure.orm.jpa.TestEntityManagerAutoConfiguration, org.springframework.boot.autoconfigure.cache.CacheAutoConfiguration, org.springframework.boot.autoconfigure.orm.jpa.HibernateJpaAutoConfiguration, org.springframework.boot.autoconfigure.sql.init.SqlInitializationAutoConfiguration, org.springframework.boot.test.autoconfigure.jdbc.TestDatabaseAutoConfiguration, org.springframework.boot.autoconfigure.flyway.FlywayAutoConfiguration, org.springframework.boot.autoconfigure.jdbc.DataSourceTransactionManagerAutoConfiguration, org.springframework.boot.autoconfigure.liquibase.LiquibaseAutoConfiguration, org.springframework.boot.autoconfigure.jdbc.JdbcClientAutoConfiguration, org.springframework.boot.autoconfigure.jdbc.DataSourceAutoConfiguration, org.springframework.boot.autoconfigure.jdbc.JdbcTemplateAutoConfiguration]], org.springframework.boot.test.context.filter.ExcludeFilterContextCustomizer@75c56eb9, org.springframework.boot.test.json.DuplicateJsonObjectContextCustomizerFactory$DuplicateJsonObjectContextCustomizer@6531a794, org.springframework.boot.test.mock.mockito.MockitoContextCustomizer@0, org.springframework.boot.test.web.reactor.netty.DisableReactorResourceFactoryGlobalResourcesContextCustomizerFactory$DisableReactorResourceFactoryGlobalResourcesContextCustomizerCustomizer@72ade7e3, org.springframework.boot.test.autoconfigure.OverrideAutoConfigurationContextCustomizerFactory$DisableAutoConfigurationContextCustomizer@609bcfb6, org.springframework.boot.test.autoconfigure.actuate.observability.ObservabilityContextCustomizerFactory$DisableObservabilityContextCustomizer@1f, org.springframework.boot.test.autoconfigure.filter.TypeExcludeFiltersContextCustomizer@34be3d80, org.springframework.boot.test.autoconfigure.properties.PropertyMappingContextCustomizer@c46188de, org.springframework.boot.test.autoconfigure.web.servlet.WebDriverContextCustomizer@24c4ddae, org.spockframework.spring.mock.SpockContextCustomizer@0, org.springframework.boot.test.context.SpringBootTestAnnotation@b0082348], contextLoader = org.springframework.boot.test.context.SpringBootContextLoader, parent = null]
	at org.springframework.test.context.cache.DefaultCacheAwareContextLoaderDelegate.loadContext(DefaultCacheAwareContextLoaderDelegate.java:145)
	at org.springframework.test.context.support.DefaultTestContext.getApplicationContext(DefaultTestContext.java:130)
	at org.spockframework.util.ReflectionUtil.invokeMethod(ReflectionUtil.java:204)
	at org.spockframework.spring.SpringTestContext.getApplicationContext(SpringTestContext.java:49)
	at org.spockframework.spring.SpringMockTestExecutionListener.injectSpies(SpringMockTestExecutionListener.java:66)
	at org.spockframework.spring.SpringMockTestExecutionListener.prepareTestInstance(SpringMockTestExecutionListener.java:62)
	at org.spockframework.spring.AbstractSpringTestExecutionListener.prepareTestInstance(AbstractSpringTestExecutionListener.java:32)
	at org.springframework.test.context.TestContextManager.prepareTestInstance(TestContextManager.java:260)
	at org.spockframework.spring.SpringTestContextManager.prepareTestInstance(SpringTestContextManager.java:56)
	at org.spockframework.spring.SpringInterceptor.interceptInitializerMethod(SpringInterceptor.java:46)
	at org.spockframework.runtime.extension.AbstractMethodInterceptor.intercept(AbstractMethodInterceptor.java:24)
	at org.spockframework.runtime.extension.MethodInvocation.proceed(MethodInvocation.java:122)
	at org.spockframework.runtime.model.MethodInfo.invoke(MethodInfo.java:157)
	at java.base/java.util.ArrayList.forEach(ArrayList.java:1597)
	at org.spockframework.runtime.model.MethodInfo.invoke(MethodInfo.java:157)
	at java.base/java.util.ArrayList.forEach(ArrayList.java:1597)

